<?xml version="1.0" encoding="UTF-8"?>
<!-- Generated by org.testng.reporters.JUnitReportReporter -->
<testsuite skipped="0" hostname="Lenovo-PC" name="com.etsy.TestBase" tests="1" failures="0" timestamp="19 Jan 2023 06:58:43 GMT" time="18.605" errors="0">
  <testcase name="m1" time="18.605" classname="com.etsy.TestBase"/>
</testsuite> <!-- com.etsy.TestBase -->
