<?xml version="1.0" encoding="UTF-8"?>
<!-- Generated by org.testng.reporters.JUnitReportReporter -->
<testsuite skipped="2" hostname="Lenovo-PC" name="com.etsy.TestCases" tests="3" failures="0" timestamp="01 Feb 2023 06:57:37 GMT" time="43.654" errors="0">
  <testcase name="verifyRegistrationProcess" time="43.654" classname="com.etsy.TestCases"/>
  <testcase name="verifyTipsAreAvailableDuringRegistrationProcess" classname="com.etsy.TestCases">
    <skipped/>
  </testcase> <!-- verifyTipsAreAvailableDuringRegistrationProcess -->
  <testcase name="verifyOnClickOnRegisterRegistrationPageShouldLaunch" classname="com.etsy.TestCases">
    <skipped/>
  </testcase> <!-- verifyOnClickOnRegisterRegistrationPageShouldLaunch -->
</testsuite> <!-- com.etsy.TestCases -->
